<?xml version="1.0" encoding="UTF-8"?>
<!-- Generated by org.testng.reporters.JUnitReportReporter -->
<testsuite hostname="FAMOLD1914" failures="0" tests="3" name="MealPlanTest" time="3.550" errors="0" timestamp="27 Mar 2024 10:33:40 GMT" skipped="0">
  <testcase classname="MealPlanTest" name="DeleteItemtoMealPlanTest" time="0.310"/>
  <testcase classname="MealPlanTest" name="AddItemtoMealPlanTest" time="2.328"/>
  <testcase classname="MealPlanTest" name="MealPlanGenerateTest" time="0.912"/>
</testsuite> <!-- MealPlanTest -->
